<?xml version="1.0" encoding="UTF-8"?>
<!-- Generated by org.testng.reporters.JUnitReportReporter -->
<testsuite hostname="ULTRABOOK" name="Aisera.Task1.TestFizzBuzzWithFile" tests="6" failures="0" timestamp="12 Nov 2022 16:20:34 GMT" time="4.815" errors="0">
  <testcase name="testBuzzFizzWithFile" time="3.388" classname="Aisera.Task1.TestFizzBuzzWithFile"/>
  <testcase name="testBuzzFizzWithFile" time="0.979" classname="Aisera.Task1.TestFizzBuzzWithFile"/>
  <testcase name="testBuzzFizzWithFile" time="0.316" classname="Aisera.Task1.TestFizzBuzzWithFile"/>
  <testcase name="testBuzzFizzWithFile" time="0.046" classname="Aisera.Task1.TestFizzBuzzWithFile"/>
  <testcase name="testBuzzFizzWithFile" time="0.039" classname="Aisera.Task1.TestFizzBuzzWithFile"/>
  <testcase name="testBuzzFizzWithFile" time="0.047" classname="Aisera.Task1.TestFizzBuzzWithFile"/>
</testsuite> <!-- Aisera.Task1.TestFizzBuzzWithFile -->
