<?xml version="1.0" encoding="UTF-8"?>
<!-- Generated by org.testng.reporters.JUnitReportReporter -->
<testsuite hostname="ULTRABOOK" name="Aisera.Task1.TestFizzBuzz" tests="6" failures="0" timestamp="12 Nov 2022 13:53:20 GMT" time="4.447" errors="0">
  <testcase name="testBuzzFizz" time="4.249" classname="Aisera.Task1.TestFizzBuzz"/>
  <testcase name="testBuzzFizz" time="0.022" classname="Aisera.Task1.TestFizzBuzz"/>
  <testcase name="testBuzzFizz" time="0.046" classname="Aisera.Task1.TestFizzBuzz"/>
  <testcase name="testBuzzFizz" time="0.046" classname="Aisera.Task1.TestFizzBuzz"/>
  <testcase name="testBuzzFizz" time="0.036" classname="Aisera.Task1.TestFizzBuzz"/>
  <testcase name="testBuzzFizz" time="0.048" classname="Aisera.Task1.TestFizzBuzz"/>
</testsuite> <!-- Aisera.Task1.TestFizzBuzz -->
