<?xml version="1.0" encoding="UTF-8"?>
<!-- Generated by org.testng.reporters.JUnitReportReporter -->
<testsuite hostname="ULTRABOOK" name="Aisera.Task1.NewTest" tests="6" failures="0" timestamp="12 Nov 2022 13:42:58 GMT" time="4.740" errors="0">
  <testcase name="testBuzzFizz" time="4.522" classname="Aisera.Task1.NewTest"/>
  <testcase name="testBuzzFizz" time="0.024" classname="Aisera.Task1.NewTest"/>
  <testcase name="testBuzzFizz" time="0.062" classname="Aisera.Task1.NewTest"/>
  <testcase name="testBuzzFizz" time="0.046" classname="Aisera.Task1.NewTest"/>
  <testcase name="testBuzzFizz" time="0.034" classname="Aisera.Task1.NewTest"/>
  <testcase name="testBuzzFizz" time="0.052" classname="Aisera.Task1.NewTest"/>
</testsuite> <!-- Aisera.Task1.NewTest -->
