<?xml version="1.0" encoding="UTF-8"?>
<!-- Generated by org.testng.reporters.JUnitReportReporter -->
<testsuite hostname="ULTRABOOK" name="Aisera.Task1.TestFizzBuzzWithFile" tests="6" failures="0" timestamp="12 Nov 2022 19:15:57 GMT" time="0.281" errors="0">
  <testcase name="testBuzzFizzWithFile" time="0.038" classname="Aisera.Task1.TestFizzBuzzWithFile"/>
  <testcase name="testBuzzFizzWithFile" time="0.016" classname="Aisera.Task1.TestFizzBuzzWithFile"/>
  <testcase name="testBuzzFizzWithFile" time="0.042" classname="Aisera.Task1.TestFizzBuzzWithFile"/>
  <testcase name="testBuzzFizzWithFile" time="0.099" classname="Aisera.Task1.TestFizzBuzzWithFile"/>
  <testcase name="testBuzzFizzWithFile" time="0.051" classname="Aisera.Task1.TestFizzBuzzWithFile"/>
  <testcase name="testBuzzFizzWithFile" time="0.035" classname="Aisera.Task1.TestFizzBuzzWithFile"/>
</testsuite> <!-- Aisera.Task1.TestFizzBuzzWithFile -->
