<?xml version="1.0" encoding="UTF-8"?>
<!-- Generated by org.testng.reporters.JUnitReportReporter -->
<testsuite hostname="ULTRABOOK" name="Aisera.Task1.TestFizzBuzz" tests="6" failures="0" timestamp="12 Nov 2022 18:53:17 GMT" time="15.445" errors="0">
  <testcase name="testBuzzFizz" time="15.208" classname="Aisera.Task1.TestFizzBuzz"/>
  <testcase name="testBuzzFizz" time="0.039" classname="Aisera.Task1.TestFizzBuzz"/>
  <testcase name="testBuzzFizz" time="0.059" classname="Aisera.Task1.TestFizzBuzz"/>
  <testcase name="testBuzzFizz" time="0.056" classname="Aisera.Task1.TestFizzBuzz"/>
  <testcase name="testBuzzFizz" time="0.038" classname="Aisera.Task1.TestFizzBuzz"/>
  <testcase name="testBuzzFizz" time="0.045" classname="Aisera.Task1.TestFizzBuzz"/>
</testsuite> <!-- Aisera.Task1.TestFizzBuzz -->
