<?xml version="1.0" encoding="UTF-8"?>
<!-- Generated by org.testng.reporters.JUnitReportReporter -->
<testsuite hostname="ULTRABOOK" name="Aisera.Task1.TestFizzBuzzWithFile" tests="6" failures="0" timestamp="12 Nov 2022 18:53:17 GMT" time="0.258" errors="0">
  <testcase name="testBuzzFizzWithFile" time="0.056" classname="Aisera.Task1.TestFizzBuzzWithFile"/>
  <testcase name="testBuzzFizzWithFile" time="0.022" classname="Aisera.Task1.TestFizzBuzzWithFile"/>
  <testcase name="testBuzzFizzWithFile" time="0.040" classname="Aisera.Task1.TestFizzBuzzWithFile"/>
  <testcase name="testBuzzFizzWithFile" time="0.064" classname="Aisera.Task1.TestFizzBuzzWithFile"/>
  <testcase name="testBuzzFizzWithFile" time="0.042" classname="Aisera.Task1.TestFizzBuzzWithFile"/>
  <testcase name="testBuzzFizzWithFile" time="0.034" classname="Aisera.Task1.TestFizzBuzzWithFile"/>
</testsuite> <!-- Aisera.Task1.TestFizzBuzzWithFile -->
