<?xml version="1.0" encoding="UTF-8"?>
<!-- Generated by org.testng.reporters.JUnitReportReporter -->
<testsuite hostname="ULTRABOOK" name="Aisera.Task1.TestFizzBuzz" tests="6" failures="0" timestamp="12 Nov 2022 19:15:57 GMT" time="4.900" errors="0">
  <testcase name="testBuzzFizz" time="0.060" classname="Aisera.Task1.TestFizzBuzz"/>
  <testcase name="testBuzzFizz" time="4.548" classname="Aisera.Task1.TestFizzBuzz"/>
  <testcase name="testBuzzFizz" time="0.101" classname="Aisera.Task1.TestFizzBuzz"/>
  <testcase name="testBuzzFizz" time="0.026" classname="Aisera.Task1.TestFizzBuzz"/>
  <testcase name="testBuzzFizz" time="0.097" classname="Aisera.Task1.TestFizzBuzz"/>
  <testcase name="testBuzzFizz" time="0.068" classname="Aisera.Task1.TestFizzBuzz"/>
</testsuite> <!-- Aisera.Task1.TestFizzBuzz -->
